<?xml version="1.0" encoding="UTF-8"?>
<!-- Generated by org.testng.reporters.JUnitXMLReporter -->
<testsuite ignored="0" hostname="DESKTOP-JMANE54" failures="2" tests="2" name="Test" time="12.785" errors="0" timestamp="2022-05-22T12:28:59 EDT">
  <testcase classname="pack.NewTest" name="testEasy" time="6.527">
    <failure type="java.lang.AssertionError">
      <![CDATA[java.lang.AssertionError: 
at pack.NewTest.testEasy(NewTest.java:23)
at java.base/java.util.ArrayList.forEach(ArrayList.java:1541)
... Removed 34 stack frames]]>
    </failure>
  </testcase> <!-- testEasy -->
  <testcase classname="pack.NewTest" name="testThialy" time="1.565">
    <failure type="java.lang.AssertionError" message="expected [Demo Guru99 Pag] but found [Demo Guru99 Page]">
      <![CDATA[java.lang.AssertionError: expected [Demo Guru99 Pag] but found [Demo Guru99 Page]
at pack.NewTest.testThialy(NewTest.java:32)
at java.base/java.util.ArrayList.forEach(ArrayList.java:1541)
... Removed 36 stack frames]]>
    </failure>
  </testcase> <!-- testThialy -->
</testsuite> <!-- Test -->
